C:\USERS\RAYMUND\DOWNLOADS\DESKTOP 3\DAVE HORNE TUT14 EX01\DEBUG\CAMERA.OBJ
C:\USERS\RAYMUND\DOWNLOADS\DESKTOP 3\DAVE HORNE TUT14 EX01\DEBUG\DAVE HORNE TUT14 EX01.EXE
C:\USERS\RAYMUND\DOWNLOADS\DESKTOP 3\DAVE HORNE TUT14 EX01\DEBUG\DAVE HORNE TUT14 EX01.EXE.INTERMEDIATE.MANIFEST
C:\USERS\RAYMUND\DOWNLOADS\DESKTOP 3\DAVE HORNE TUT14 EX01\DEBUG\DAVE HORNE TUT14 EX01.ILK
C:\USERS\RAYMUND\DOWNLOADS\DESKTOP 3\DAVE HORNE TUT14 EX01\DEBUG\DAVE HORNE TUT14 EX01.PDB
C:\USERS\RAYMUND\DOWNLOADS\DESKTOP 3\DAVE HORNE TUT14 EX01\DEBUG\MAIN.OBJ
C:\USERS\RAYMUND\DOWNLOADS\DESKTOP 3\DAVE HORNE TUT14 EX01\DEBUG\MODEL.OBJ
C:\USERS\RAYMUND\DOWNLOADS\DESKTOP 3\DAVE HORNE TUT14 EX01\DEBUG\OBJFILEMODEL.OBJ
C:\USERS\RAYMUND\DOWNLOADS\DESKTOP 3\DAVE HORNE TUT14 EX01\DEBUG\SCENE_NODE.OBJ
C:\USERS\RAYMUND\DOWNLOADS\DESKTOP 3\DAVE HORNE TUT14 EX01\DEBUG\TEXT2D.OBJ
C:\USERS\RAYMUND\DOWNLOADS\DESKTOP 3\DAVE HORNE TUT14 EX01\DEBUG\VC100.PDB
C:\USERS\RAYMUND\DOWNLOADS\DESKTOP 3\MODDING THIS\DEBUG\CAMERA.OBJ
C:\USERS\RAYMUND\DOWNLOADS\DESKTOP 3\MODDING THIS\DEBUG\DAVE HORNE TUT14 EX01.EXE
C:\USERS\RAYMUND\DOWNLOADS\DESKTOP 3\MODDING THIS\DEBUG\DAVE HORNE TUT14 EX01.EXE.INTERMEDIATE.MANIFEST
C:\USERS\RAYMUND\DOWNLOADS\DESKTOP 3\MODDING THIS\DEBUG\DAVE HORNE TUT14 EX01.ILK
C:\USERS\RAYMUND\DOWNLOADS\DESKTOP 3\MODDING THIS\DEBUG\DAVE HORNE TUT14 EX01.PDB
C:\USERS\RAYMUND\DOWNLOADS\DESKTOP 3\MODDING THIS\DEBUG\DXBASE.OBJ
C:\USERS\RAYMUND\DOWNLOADS\DESKTOP 3\MODDING THIS\DEBUG\MAIN.OBJ
C:\USERS\RAYMUND\DOWNLOADS\DESKTOP 3\MODDING THIS\DEBUG\MODEL.OBJ
C:\USERS\RAYMUND\DOWNLOADS\DESKTOP 3\MODDING THIS\DEBUG\OBJFILEMODEL.OBJ
C:\USERS\RAYMUND\DOWNLOADS\DESKTOP 3\MODDING THIS\DEBUG\SCENE_NODE.OBJ
C:\USERS\RAYMUND\DOWNLOADS\DESKTOP 3\MODDING THIS\DEBUG\TEXT2D.OBJ
C:\USERS\RAYMUND\DOWNLOADS\DESKTOP 3\MODDING THIS\DEBUG\VC100.PDB
C:\Users\Steve\Desktop\Egg Hunter V0.01\Debug\camera.obj
C:\Users\Steve\Desktop\Egg Hunter V0.01\Debug\cl.command.1.tlog
C:\Users\Steve\Desktop\Egg Hunter V0.01\Debug\CL.read.1.tlog
C:\Users\Steve\Desktop\Egg Hunter V0.01\Debug\CL.write.1.tlog
C:\Users\Steve\Desktop\Egg Hunter V0.01\Debug\Dave Horne Tut14 Ex01.exe
C:\Users\Steve\Desktop\Egg Hunter V0.01\Debug\Dave Horne Tut14 Ex01.exe.intermediate.manifest
C:\Users\Steve\Desktop\Egg Hunter V0.01\Debug\Dave Horne Tut14 Ex01.ilk
C:\Users\Steve\Desktop\Egg Hunter V0.01\Debug\Dave Horne Tut14 Ex01.pdb
C:\Users\Steve\Desktop\Egg Hunter V0.01\Debug\Dave Horne Tut14 Ex01.vcxprojResolveAssemblyReference.cache
C:\Users\Steve\Desktop\Egg Hunter V0.01\Debug\Dave Horne Tut14 Ex01.write.1.tlog
C:\Users\Steve\Desktop\Egg Hunter V0.01\Debug\DXBase.obj
C:\Users\Steve\Desktop\Egg Hunter V0.01\Debug\link.command.1.tlog
C:\Users\Steve\Desktop\Egg Hunter V0.01\Debug\link.read.1.tlog
C:\Users\Steve\Desktop\Egg Hunter V0.01\Debug\link.write.1.tlog
C:\Users\Steve\Desktop\Egg Hunter V0.01\Debug\main.obj
C:\Users\Steve\Desktop\Egg Hunter V0.01\Debug\model.obj
C:\Users\Steve\Desktop\Egg Hunter V0.01\Debug\mt.command.1.tlog
C:\Users\Steve\Desktop\Egg Hunter V0.01\Debug\mt.read.1.tlog
C:\Users\Steve\Desktop\Egg Hunter V0.01\Debug\mt.write.1.tlog
C:\Users\Steve\Desktop\Egg Hunter V0.01\Debug\objfilemodel.obj
C:\Users\Steve\Desktop\Egg Hunter V0.01\Debug\scene_node.obj
C:\Users\Steve\Desktop\Egg Hunter V0.01\Debug\text2D.obj
C:\Users\Steve\Desktop\Egg Hunter V0.01\Debug\vc100.idb
C:\Users\Steve\Desktop\Egg Hunter V0.01\Debug\vc100.pdb
C:\USERS\STEVE\DESKTOP\MODDING THIS\DEBUG\CAMERA.OBJ
C:\USERS\STEVE\DESKTOP\MODDING THIS\DEBUG\DAVE HORNE TUT14 EX01.EXE
C:\USERS\STEVE\DESKTOP\MODDING THIS\DEBUG\DAVE HORNE TUT14 EX01.EXE.INTERMEDIATE.MANIFEST
C:\USERS\STEVE\DESKTOP\MODDING THIS\DEBUG\DAVE HORNE TUT14 EX01.ILK
C:\USERS\STEVE\DESKTOP\MODDING THIS\DEBUG\DAVE HORNE TUT14 EX01.PDB
C:\USERS\STEVE\DESKTOP\MODDING THIS\DEBUG\DXBASE.OBJ
C:\USERS\STEVE\DESKTOP\MODDING THIS\DEBUG\MAIN.OBJ
C:\USERS\STEVE\DESKTOP\MODDING THIS\DEBUG\MODEL.OBJ
C:\USERS\STEVE\DESKTOP\MODDING THIS\DEBUG\OBJFILEMODEL.OBJ
C:\USERS\STEVE\DESKTOP\MODDING THIS\DEBUG\SCENE_NODE.OBJ
C:\USERS\STEVE\DESKTOP\MODDING THIS\DEBUG\TEXT2D.OBJ
C:\USERS\STEVE\DESKTOP\MODDING THIS\DEBUG\VC100.PDB
