Build started 20/04/2014 19:43:28.
     1>Project "C:\Users\Steve\Desktop\Egg Hunter v0.05\Egg Hunter V0.05.vcxproj" on node 2 (build target(s)).
     1>InitializeBuildStatus:
         Creating "Debug\Egg Hunter V0.05.unsuccessfulbuild" because "AlwaysCreate" was specified.
       ClCompile:
         d:\Microsoft Visual Studio 10.0\VC\bin\CL.exe /c /ZI /nologo /W3 /WX- /Od /Oy- /D _MBCS /Gm /EHsc /RTC1 /MDd /GS /fp:precise /Zc:wchar_t /Zc:forScope /Fo"Debug\\" /Fd"Debug\vc100.pdb" /Gd /TP /analyze- /errorReport:prompt DXBase.cpp model.cpp
         model.cpp
     1>c:\users\steve\desktop\egg hunter v0.05\model.cpp(277): warning C4244: '=' : conversion from 'double' to 'float', possible loss of data
     1>c:\users\steve\desktop\egg hunter v0.05\model.cpp(282): warning C4244: '+=' : conversion from 'double' to 'float', possible loss of data
     1>c:\users\steve\desktop\egg hunter v0.05\model.cpp(283): warning C4244: '+=' : conversion from 'double' to 'float', possible loss of data
     1>c:\users\steve\desktop\egg hunter v0.05\model.cpp(292): warning C4244: '=' : conversion from 'double' to 'float', possible loss of data
     1>c:\users\steve\desktop\egg hunter v0.05\model.cpp(293): warning C4244: '=' : conversion from 'double' to 'float', possible loss of data
     1>c:\users\steve\desktop\egg hunter v0.05\model.cpp(298): warning C4244: '+=' : conversion from 'double' to 'float', possible loss of data
     1>c:\users\steve\desktop\egg hunter v0.05\model.cpp(299): warning C4244: '+=' : conversion from 'double' to 'float', possible loss of data
     1>c:\users\steve\desktop\egg hunter v0.05\model.cpp(300): warning C4244: '+=' : conversion from 'double' to 'float', possible loss of data
     1>c:\users\steve\desktop\egg hunter v0.05\model.cpp(307): warning C4018: '<' : signed/unsigned mismatch
     1>c:\users\steve\desktop\egg hunter v0.05\model.cpp(335): warning C4018: '<' : signed/unsigned mismatch
         DXBase.cpp
         c:\program files (x86)\microsoft directx sdk (june 2010)\include\dinput.h: DIRECTINPUT_VERSION undefined. Defaulting to version 0x0800
     1>c:\users\steve\desktop\egg hunter v0.05\dxbase.cpp(151): warning C4244: '=' : conversion from 'UINT' to 'FLOAT', possible loss of data
     1>c:\users\steve\desktop\egg hunter v0.05\dxbase.cpp(152): warning C4244: '=' : conversion from 'UINT' to 'FLOAT', possible loss of data
     1>c:\users\steve\desktop\egg hunter v0.05\dxbase.cpp(447): warning C4305: 'argument' : truncation from 'double' to 'float'
     1>c:\users\steve\desktop\egg hunter v0.05\dxbase.cpp(457): warning C4305: 'argument' : truncation from 'double' to 'float'
     1>c:\users\steve\desktop\egg hunter v0.05\dxbase.cpp(458): warning C4305: 'argument' : truncation from 'double' to 'float'
     1>c:\users\steve\desktop\egg hunter v0.05\dxbase.cpp(458): warning C4305: 'argument' : truncation from 'double' to 'float'
         Generating Code...
       Link:
         d:\Microsoft Visual Studio 10.0\VC\bin\link.exe /ERRORREPORT:PROMPT /OUT:"C:\Users\Steve\Desktop\Egg Hunter v0.05\Debug\Egg Hunter V0.05.exe" /NOLOGO d3d11.lib d3dcompiler.lib dinput8.lib dxguid.lib d3dx11d.lib d3dx9d.lib dxerr.lib kernel32.lib user32.lib gdi32.lib winspool.lib comdlg32.lib advapi32.lib shell32.lib ole32.lib oleaut32.lib uuid.lib odbc32.lib odbccp32.lib /MANIFEST /ManifestFile:"Debug\Egg Hunter V0.05.exe.intermediate.manifest" /MANIFESTUAC:"level='asInvoker' uiAccess='false'" /DEBUG /PDB:"C:\Users\Steve\Desktop\Egg Hunter v0.05\Debug\Egg Hunter V0.05.pdb" /TLBID:1 /DYNAMICBASE /NXCOMPAT /IMPLIB:"C:\Users\Steve\Desktop\Egg Hunter v0.05\Debug\Egg Hunter V0.05.lib" /MACHINE:X86 Debug\camera.obj
         Debug\DXBase.obj
         Debug\Input.obj
         Debug\main.obj
         Debug\model.obj
         Debug\objfilemodel.obj
         Debug\scene_node.obj
         Debug\text2D.obj
         LINK : C:\Users\Steve\Desktop\Egg Hunter v0.05\Debug\Egg Hunter V0.05.exe not found or not built by the last incremental link; performing full link
         Egg Hunter V0.05.vcxproj -> C:\Users\Steve\Desktop\Egg Hunter v0.05\Debug\Egg Hunter V0.05.exe
       Manifest:
         C:\Program Files (x86)\Microsoft SDKs\Windows\v7.0A\bin\mt.exe /nologo /verbose /outputresource:"C:\Users\Steve\Desktop\Egg Hunter v0.05\Debug\Egg Hunter V0.05.exe;#1" /manifest "Debug\Egg Hunter V0.05.exe.intermediate.manifest"
       FinalizeBuildStatus:
         Deleting file "Debug\Egg Hunter V0.05.unsuccessfulbuild".
         Touching "Debug\Egg Hunter V0.05.lastbuildstate".
     1>Done Building Project "C:\Users\Steve\Desktop\Egg Hunter v0.05\Egg Hunter V0.05.vcxproj" (build target(s)).

Build succeeded.

Time Elapsed 00:00:03.96
