C:\USERS\RAYMUND\DOWNLOADS\DESKTOP 3\EGG HUNTER V0.03\DEBUG\CAMERA.OBJ
C:\USERS\RAYMUND\DOWNLOADS\DESKTOP 3\EGG HUNTER V0.03\DEBUG\DXBASE.OBJ
C:\USERS\RAYMUND\DOWNLOADS\DESKTOP 3\EGG HUNTER V0.03\DEBUG\EGG HUNTER V0.03.EXE
C:\USERS\RAYMUND\DOWNLOADS\DESKTOP 3\EGG HUNTER V0.03\DEBUG\EGG HUNTER V0.03.EXE.INTERMEDIATE.MANIFEST
C:\USERS\RAYMUND\DOWNLOADS\DESKTOP 3\EGG HUNTER V0.03\DEBUG\EGG HUNTER V0.03.ILK
C:\USERS\RAYMUND\DOWNLOADS\DESKTOP 3\EGG HUNTER V0.03\DEBUG\EGG HUNTER V0.03.PDB
C:\USERS\RAYMUND\DOWNLOADS\DESKTOP 3\EGG HUNTER V0.03\DEBUG\INPUT.OBJ
C:\USERS\RAYMUND\DOWNLOADS\DESKTOP 3\EGG HUNTER V0.03\DEBUG\MAIN.OBJ
C:\USERS\RAYMUND\DOWNLOADS\DESKTOP 3\EGG HUNTER V0.03\DEBUG\MODEL.OBJ
C:\USERS\RAYMUND\DOWNLOADS\DESKTOP 3\EGG HUNTER V0.03\DEBUG\OBJFILEMODEL.OBJ
C:\USERS\RAYMUND\DOWNLOADS\DESKTOP 3\EGG HUNTER V0.03\DEBUG\SCENE_NODE.OBJ
C:\USERS\RAYMUND\DOWNLOADS\DESKTOP 3\EGG HUNTER V0.03\DEBUG\TEXT2D.OBJ
C:\USERS\RAYMUND\DOWNLOADS\DESKTOP 3\EGG HUNTER V0.03\DEBUG\VC100.PDB
C:\Users\Raymund\Downloads\Desktop 3\Egg Hunter v0.04\Debug\camera.obj
C:\Users\Raymund\Downloads\Desktop 3\Egg Hunter v0.04\Debug\cl.command.1.tlog
C:\Users\Raymund\Downloads\Desktop 3\Egg Hunter v0.04\Debug\CL.read.1.tlog
C:\Users\Raymund\Downloads\Desktop 3\Egg Hunter v0.04\Debug\CL.write.1.tlog
C:\Users\Raymund\Downloads\Desktop 3\Egg Hunter v0.04\Debug\DXBase.obj
C:\Users\Raymund\Downloads\Desktop 3\Egg Hunter v0.04\Debug\Egg Hunter V0.03.exe
C:\Users\Raymund\Downloads\Desktop 3\Egg Hunter v0.04\Debug\Egg Hunter V0.03.exe.intermediate.manifest
C:\Users\Raymund\Downloads\Desktop 3\Egg Hunter v0.04\Debug\Egg Hunter V0.03.ilk
C:\Users\Raymund\Downloads\Desktop 3\Egg Hunter v0.04\Debug\Egg Hunter V0.03.pdb
C:\Users\Raymund\Downloads\Desktop 3\Egg Hunter v0.04\Debug\Egg Hunter V0.03.vcxprojResolveAssemblyReference.cache
C:\Users\Raymund\Downloads\Desktop 3\Egg Hunter v0.04\Debug\Egg Hunter V0.03.write.1.tlog
C:\Users\Raymund\Downloads\Desktop 3\Egg Hunter v0.04\Debug\Input.obj
C:\Users\Raymund\Downloads\Desktop 3\Egg Hunter v0.04\Debug\link.command.1.tlog
C:\Users\Raymund\Downloads\Desktop 3\Egg Hunter v0.04\Debug\link.read.1.tlog
C:\Users\Raymund\Downloads\Desktop 3\Egg Hunter v0.04\Debug\link.write.1.tlog
C:\Users\Raymund\Downloads\Desktop 3\Egg Hunter v0.04\Debug\main.obj
C:\Users\Raymund\Downloads\Desktop 3\Egg Hunter v0.04\Debug\model.obj
C:\Users\Raymund\Downloads\Desktop 3\Egg Hunter v0.04\Debug\mt.command.1.tlog
C:\Users\Raymund\Downloads\Desktop 3\Egg Hunter v0.04\Debug\mt.read.1.tlog
C:\Users\Raymund\Downloads\Desktop 3\Egg Hunter v0.04\Debug\mt.write.1.tlog
C:\Users\Raymund\Downloads\Desktop 3\Egg Hunter v0.04\Debug\objfilemodel.obj
C:\Users\Raymund\Downloads\Desktop 3\Egg Hunter v0.04\Debug\scene_node.obj
C:\Users\Raymund\Downloads\Desktop 3\Egg Hunter v0.04\Debug\text2D.obj
C:\Users\Raymund\Downloads\Desktop 3\Egg Hunter v0.04\Debug\vc100.idb
C:\Users\Raymund\Downloads\Desktop 3\Egg Hunter v0.04\Debug\vc100.pdb
