C:\USERS\RAYMUND\DOWNLOADS\DESKTOP 3\EGG HUNTER V0.02\DEBUG\CAMERA.OBJ
C:\USERS\RAYMUND\DOWNLOADS\DESKTOP 3\EGG HUNTER V0.02\DEBUG\DXBASE.OBJ
C:\USERS\RAYMUND\DOWNLOADS\DESKTOP 3\EGG HUNTER V0.02\DEBUG\EGG HUNTER V0.02.EXE
C:\USERS\RAYMUND\DOWNLOADS\DESKTOP 3\EGG HUNTER V0.02\DEBUG\EGG HUNTER V0.02.EXE.INTERMEDIATE.MANIFEST
C:\USERS\RAYMUND\DOWNLOADS\DESKTOP 3\EGG HUNTER V0.02\DEBUG\EGG HUNTER V0.02.ILK
C:\USERS\RAYMUND\DOWNLOADS\DESKTOP 3\EGG HUNTER V0.02\DEBUG\EGG HUNTER V0.02.PDB
C:\USERS\RAYMUND\DOWNLOADS\DESKTOP 3\EGG HUNTER V0.02\DEBUG\MAIN.OBJ
C:\USERS\RAYMUND\DOWNLOADS\DESKTOP 3\EGG HUNTER V0.02\DEBUG\MODEL.OBJ
C:\USERS\RAYMUND\DOWNLOADS\DESKTOP 3\EGG HUNTER V0.02\DEBUG\OBJFILEMODEL.OBJ
C:\USERS\RAYMUND\DOWNLOADS\DESKTOP 3\EGG HUNTER V0.02\DEBUG\SCENE_NODE.OBJ
C:\USERS\RAYMUND\DOWNLOADS\DESKTOP 3\EGG HUNTER V0.02\DEBUG\TEXT2D.OBJ
C:\USERS\RAYMUND\DOWNLOADS\DESKTOP 3\EGG HUNTER V0.02\DEBUG\VC100.PDB
C:\Users\Raymund\Downloads\Desktop 3\Egg Hunter V0.03\Debug\camera.obj
C:\Users\Raymund\Downloads\Desktop 3\Egg Hunter V0.03\Debug\cl.command.1.tlog
C:\Users\Raymund\Downloads\Desktop 3\Egg Hunter V0.03\Debug\CL.read.1.tlog
C:\Users\Raymund\Downloads\Desktop 3\Egg Hunter V0.03\Debug\CL.write.1.tlog
C:\Users\Raymund\Downloads\Desktop 3\Egg Hunter V0.03\Debug\DXBase.obj
C:\Users\Raymund\Downloads\Desktop 3\Egg Hunter V0.03\Debug\Egg Hunter V0.01.exe.intermediate.manifest
C:\Users\Raymund\Downloads\Desktop 3\Egg Hunter V0.03\Debug\Egg Hunter V0.01.ilk
C:\Users\Raymund\Downloads\Desktop 3\Egg Hunter V0.03\Debug\Egg Hunter V0.01.pdb
C:\Users\Raymund\Downloads\Desktop 3\Egg Hunter V0.03\Debug\Egg Hunter V0.01.vcxprojResolveAssemblyReference.cache
C:\Users\Raymund\Downloads\Desktop 3\Egg Hunter V0.03\Debug\Egg Hunter V0.01.write.1.tlog
C:\Users\Raymund\Downloads\Desktop 3\Egg Hunter V0.03\Debug\Egg Hunter V0.02.exe
C:\Users\Raymund\Downloads\Desktop 3\Egg Hunter V0.03\Debug\Egg Hunter V0.02.exe.intermediate.manifest
C:\Users\Raymund\Downloads\Desktop 3\Egg Hunter V0.03\Debug\Egg Hunter V0.02.ilk
C:\Users\Raymund\Downloads\Desktop 3\Egg Hunter V0.03\Debug\Egg Hunter V0.02.pdb
C:\Users\Raymund\Downloads\Desktop 3\Egg Hunter V0.03\Debug\Egg Hunter V0.02.vcxprojResolveAssemblyReference.cache
C:\Users\Raymund\Downloads\Desktop 3\Egg Hunter V0.03\Debug\Egg Hunter V0.02.write.1.tlog
C:\Users\Raymund\Downloads\Desktop 3\Egg Hunter V0.03\Debug\link.command.1.tlog
C:\Users\Raymund\Downloads\Desktop 3\Egg Hunter V0.03\Debug\link.read.1.tlog
C:\Users\Raymund\Downloads\Desktop 3\Egg Hunter V0.03\Debug\link.write.1.tlog
C:\Users\Raymund\Downloads\Desktop 3\Egg Hunter V0.03\Debug\main.obj
C:\Users\Raymund\Downloads\Desktop 3\Egg Hunter V0.03\Debug\model.obj
C:\Users\Raymund\Downloads\Desktop 3\Egg Hunter V0.03\Debug\mt.command.1.tlog
C:\Users\Raymund\Downloads\Desktop 3\Egg Hunter V0.03\Debug\mt.read.1.tlog
C:\Users\Raymund\Downloads\Desktop 3\Egg Hunter V0.03\Debug\mt.write.1.tlog
C:\Users\Raymund\Downloads\Desktop 3\Egg Hunter V0.03\Debug\objfilemodel.obj
C:\Users\Raymund\Downloads\Desktop 3\Egg Hunter V0.03\Debug\scene_node.obj
C:\Users\Raymund\Downloads\Desktop 3\Egg Hunter V0.03\Debug\text2D.obj
C:\Users\Raymund\Downloads\Desktop 3\Egg Hunter V0.03\Debug\vc100.idb
C:\Users\Raymund\Downloads\Desktop 3\Egg Hunter V0.03\Debug\vc100.pdb
C:\USERS\STEVE\DESKTOP\EGG HUNTER V0.01\DEBUG\CAMERA.OBJ
C:\USERS\STEVE\DESKTOP\EGG HUNTER V0.01\DEBUG\DXBASE.OBJ
C:\USERS\STEVE\DESKTOP\EGG HUNTER V0.01\DEBUG\EGG HUNTER V0.01.EXE
C:\USERS\STEVE\DESKTOP\EGG HUNTER V0.01\DEBUG\EGG HUNTER V0.01.EXE.INTERMEDIATE.MANIFEST
C:\USERS\STEVE\DESKTOP\EGG HUNTER V0.01\DEBUG\EGG HUNTER V0.01.ILK
C:\USERS\STEVE\DESKTOP\EGG HUNTER V0.01\DEBUG\EGG HUNTER V0.01.PDB
C:\USERS\STEVE\DESKTOP\EGG HUNTER V0.01\DEBUG\MAIN.OBJ
C:\USERS\STEVE\DESKTOP\EGG HUNTER V0.01\DEBUG\MODEL.OBJ
C:\USERS\STEVE\DESKTOP\EGG HUNTER V0.01\DEBUG\OBJFILEMODEL.OBJ
C:\USERS\STEVE\DESKTOP\EGG HUNTER V0.01\DEBUG\SCENE_NODE.OBJ
C:\USERS\STEVE\DESKTOP\EGG HUNTER V0.01\DEBUG\TEXT2D.OBJ
C:\USERS\STEVE\DESKTOP\EGG HUNTER V0.01\DEBUG\VC100.PDB
